{
  "stats": {
    "suites": 1,
    "tests": 1,
    "passes": 1,
    "pending": 0,
    "failures": 0,
    "start": "2022-04-12T13:29:36.891Z",
    "end": "2022-04-12T13:29:52.084Z",
    "duration": 15193,
    "testsRegistered": 1,
    "passPercent": 100,
    "pendingPercent": 0,
    "other": 0,
    "hasOther": false,
    "skipped": 0,
    "hasSkipped": false
  },
  "results": [
    {
      "uuid": "dfdf06aa-4137-4f49-89f7-f40c90016c05",
      "title": "",
      "fullFile": "cypress/integration/createAccount.spec.js",
      "file": "cypress/integration/createAccount.spec.js",
      "beforeHooks": [],
      "afterHooks": [],
      "tests": [],
      "suites": [
        {
          "uuid": "555fa7a2-8152-491f-870f-cedac4fab4ce",
          "title": "Create account tests suite ",
          "fullFile": "",
          "file": "",
          "beforeHooks": [],
          "afterHooks": [],
          "tests": [
            {
              "title": " Create account with good crédentials",
              "fullTitle": "Create account tests suite   Create account with good crédentials",
              "timedOut": null,
              "duration": 11520,
              "state": "passed",
              "speed": "slow",
              "pass": true,
              "fail": false,
              "pending": false,
              "context": null,
              "code": "cy.get(\"#firstName\").type(Name);\ncy.get(\"#lastName\").type(firstName);\ncy.get(\"#signup-email\").type(Email);\ncy.get(\"#signup-password\").type(\"Fakeman12345?\");\ncy.get('[data-qa=\"signup-submit-button\"]').click();\ncy.url().should(\"include\", \"dashboard/orders\");\ncy.get('[data-qa=\"dashboard-navigation-profil\"]').click();\ncy.get('[data-test=\"dashboard-profile\"]').should(\"exist\");",
              "err": {},
              "uuid": "cd9e2816-6e7d-4315-aac5-e047508ea848",
              "parentUUID": "555fa7a2-8152-491f-870f-cedac4fab4ce",
              "isHook": false,
              "skipped": false
            }
          ],
          "suites": [],
          "passes": [
            "cd9e2816-6e7d-4315-aac5-e047508ea848"
          ],
          "failures": [],
          "pending": [],
          "skipped": [],
          "duration": 11520,
          "root": false,
          "rootEmpty": false,
          "_timeout": 2000
        }
      ],
      "passes": [],
      "failures": [],
      "pending": [],
      "skipped": [],
      "duration": 0,
      "root": true,
      "rootEmpty": true,
      "_timeout": 2000
    }
  ],
  "meta": {
    "mocha": {
      "version": "7.0.1"
    },
    "mochawesome": {
      "options": {
        "quiet": false,
        "reportFilename": "mochawesome",
        "saveHtml": false,
        "saveJson": true,
        "consoleReporter": "spec",
        "useInlineDiffs": false,
        "code": true
      },
      "version": "7.1.3"
    },
    "marge": {
      "options": {
        "reportDir": "cypress/results",
        "overwrite": false,
        "html": false,
        "json": true
      },
      "version": "6.2.0"
    }
  }
}